<?xml version="1.0" encoding="UTF-8"?>
<!-- Generated by org.testng.reporters.JUnitXMLReporter -->
<testsuite hostname="Rakeshs-MacBook-Air.local" ignored="0" name="Default test" tests="6" failures="0" timestamp="20 Nov 2017 03:13:09 GMT" time="66.034" errors="0">
  <testcase name="testLongestWordLength" time="8.605" classname="com.testng.tests.UnitTestCases"/>
  <testcase name="testLongestWord" time="8.275" classname="com.testng.tests.UnitTestCases"/>
  <testcase name="testLongestWordAndLength" time="6.976" classname="com.testng.tests.UnitTestCases"/>
  <testcase name="testMultipleLongestSameWord" time="22.605" classname="com.testng.tests.UnitTestCases"/>
  <testcase name="testLongestLenghtWordRegularExpression" time="8.929" classname="com.testng.tests.UnitTestCases"/>
  <testcase name="testLenghtSpace" time="10.598" classname="com.testng.tests.UnitTestCases"/>
</testsuite> <!-- Default test -->
